2026-05-17 20:59:46 - ERROR - В колонке 'total_amount' обнаружены нечисловые значения (всего: 9). Файл 'test.csv' будет пропущен.
2026-05-17 21:20:03 - ERROR - В колонке 'total_amount' обнаружены нечисловые значения (всего: 9). Файл '1test.csv' будет пропущен.
2026-05-17 21:21:39 - ERROR - Отсутствуют необходимые колонки: ['status'] в файле 'test.csv'
2026-05-17 21:23:17 - ERROR - В колонке 'total_amount' обнаружены нечисловые значения (всего: 9). Файл 'test.csv' будет пропущен.
2026-05-17 21:46:24 - ERROR - В колонке 'total_amount' обнаружены нечисловые значения (всего: 9). Файл 'test.csv' будет пропущен.
2026-05-17 21:46:30 - ERROR - В колонке 'total_amount' обнаружены нечисловые значения (всего: 9). Файл 'test.csv' будет пропущен.
2026-05-17 21:49:11 - ERROR - В колонке 'total_amount' обнаружены нечисловые значения (всего: 9). Файл 'test.csv' будет пропущен.
2026-05-17 21:50:22 - ERROR - В колонке 'total_amount' обнаружены нечисловые значения (всего: 9). Файл 'test.csv' будет пропущен.
2026-05-17 21:51:21 - ERROR - Файл пуст или имеет неверный формат: c:\Distrib\git\Training\order_analysis\data\test.csv
2026-05-17 21:51:21 - ERROR - Не удалось загрузить файл: c:\Distrib\git\Training\order_analysis\data\test.csv
2026-05-17 21:59:24 - ERROR - В колонке 'total_amount' обнаружены нечисловые значения (всего: 9). Файл 'test.csv' будет пропущен.
2026-05-17 22:03:31 - ERROR - В колонке 'total_amount' обнаружены нечисловые значения (всего: 9). Файл 'test.csv' будет пропущен.
2026-05-17 22:07:28 - ERROR - В колонке 'total_amount' обнаружены нечисловые значения (всего: 6). Файл 'test.csv' будет пропущен.
2026-05-17 22:08:04 - ERROR - В колонке 'total_amount' обнаружены нечисловые значения (всего: 9). Файл 'test.csv' будет пропущен.
2026-05-17 22:20:32 - ERROR - В колонке 'total_amount' обнаружены нечисловые значения (всего: 9). Файл 'test.csv' будет пропущен.
2026-05-17 22:23:17 - ERROR - В колонке 'total_amount' обнаружены нечисловые значения (всего: 9). Файл 'test.csv' будет пропущен.
2026-05-17 22:26:22 - ERROR - В колонке 'total_amount' обнаружены нечисловые значения (всего: 9). Файл 'test.csv' будет пропущен.
2026-05-17 22:28:13 - ERROR - В колонке 'total_amount' обнаружены нечисловые значения (всего: 9). Файл 'test.csv' будет пропущен.
2026-05-17 22:29:19 - ERROR - В колонке 'total_amount' обнаружены нечисловые значения (всего: 9). Файл 'test.csv' будет пропущен.
2026-05-17 22:29:28 - ERROR - В колонке 'total_amount' обнаружены нечисловые значения (всего: 9). Файл 'test.csv' будет пропущен.
2026-05-17 22:35:04 - ERROR - В колонке 'total_amount' обнаружены нечисловые значения (всего: 9). Файл 'test.csv' будет пропущен.
2026-05-17 22:42:41 - ERROR - В колонке 'total_amount' обнаружены нечисловые значения (всего: 9). Файл 'test.csv' будет пропущен.
